1,甘孜藏族自治州,TRUE,30,52,0,GZ
1,阿坝藏族羌族自治州,TRUE,30,42,0,AB
1,凉山彝族自治州,TRUE,30,35,0,LS
1,绵阳市,TRUE,30,539,0,MY
1,达州市,TRUE,20,400,0,DZ
1,广元市,TRUE,30,555,0,GY
1,雅安市,TRUE,30,555,0,YA
1,宜宾市,TRUE,30,555,0,YB
1,乐山市,TRUE,30,919,0,LS
1,南充市,FALSE,30,888,10,NC
1,巴中市,FALSE,30,444,11,BZ
1,泸州市,FALSE,30,999,21,LZ
1,成都市,FALSE,30,1000,5,CD
1,资阳市,FALSE,30,1000,11,ZY
1,攀枝花市,FALSE,30,888,5,PZH
1,眉山市,TRUE,30,485,0,MS
1,广安市,TRUE,30,485,0,GA
1,德阳市,TRUE,30,764,0,DY
1,内江市,TRUE,30,666,0,NJ
1,遂宁市,TRUE,30,781,0,SN
1,自贡市,TRUE,30,888,0,ZG
